<?xml version="1.0" encoding="UTF-8"?>
<!-- Generated by org.testng.reporters.JUnitXMLReporter -->
<testsuite hostname="DESKTOP-N8OU8L6" ignored="0" name="ChromeTest" tests="4" failures="0" timestamp="21 Dec 2020 14:57:23 GMT" time="92.682" errors="0">
  <testcase name="SearchData" time="1.58" classname="Org.testcases.TestNGDataProviders"/>
  <testcase name="SearchData" time="1.507" classname="Org.testcases.TestNGDataProviders"/>
  <testcase name="SearchData" time="1.591" classname="Org.testcases.TestNGDataProviders"/>
  <testcase name="SearchData" time="1.6" classname="Org.testcases.TestNGDataProviders"/>
</testsuite> <!-- ChromeTest -->
