<?xml version="1.0" encoding="UTF-8"?>
<!-- Generated by org.testng.reporters.JUnitXMLReporter -->
<testsuite hostname="DESKTOP-N8OU8L6" ignored="0" name="RetryFailedTestCases" tests="14" failures="2" timestamp="15 Dec 2020 14:49:30 GMT" time="0.204" errors="0">
  <testcase name="TC4" time="0.022" classname="Org.testcases.TestNGRetryFeature"/>
  <testcase name="TC1" time="0.007" classname="Org.testcases.TestNGRetryFeature"/>
  <testcase name="TC6" time="0.002" classname="Org.testcases.TestNGRetry"/>
  <testcase name="TC5" time="0.01" classname="Org.testcases.TestNGRetry"/>
  <testcase name="TC8" time="0.004" classname="Org.testcases.TestNGRetry"/>
  <testcase name="TC7" time="0.009" classname="Org.testcases.TestNGRetry">
    <skipped/>
  </testcase> <!-- TC7 -->
  <testcase name="TC7" time="0.001" classname="Org.testcases.TestNGRetry">
    <skipped/>
  </testcase> <!-- TC7 -->
  <testcase name="TC7" time="0.002" classname="Org.testcases.TestNGRetry">
    <skipped/>
  </testcase> <!-- TC7 -->
  <testcase name="TC7" time="0.002" classname="Org.testcases.TestNGRetry">
    <failure type="java.lang.AssertionError" message="Assertion message expected [expecting] but found [actual]">
      <![CDATA[java.lang.AssertionError: Assertion message expected [expecting] but found [actual]
at Org.testcases.TestNGRetry.TC7(TestNGRetry.java:21)
... Removed 30 stack frames]]>
    </failure>
  </testcase> <!-- TC7 -->
  <testcase name="TC2" time="0.005" classname="Org.testcases.TestNGRetryFeature">
    <skipped/>
  </testcase> <!-- TC2 -->
  <testcase name="TC2" time="0.002" classname="Org.testcases.TestNGRetryFeature">
    <skipped/>
  </testcase> <!-- TC2 -->
  <testcase name="TC2" time="0.005" classname="Org.testcases.TestNGRetryFeature">
    <skipped/>
  </testcase> <!-- TC2 -->
  <testcase name="TC2" time="0.001" classname="Org.testcases.TestNGRetryFeature">
    <failure type="java.lang.AssertionError" message="expected [true] but found [false]">
      <![CDATA[java.lang.AssertionError: expected [true] but found [false]
at Org.testcases.TestNGRetryFeature.TC2(TestNGRetryFeature.java:16)
... Removed 29 stack frames]]>
    </failure>
  </testcase> <!-- TC2 -->
  <testcase name="TC3" time="0.003" classname="Org.testcases.TestNGRetryFeature"/>
</testsuite> <!-- RetryFailedTestCases -->
