<?xml version="1.0" encoding="UTF-8"?>
<!-- Generated by org.testng.reporters.JUnitXMLReporter -->
<testsuite hostname="DESKTOP-N8OU8L6" ignored="1" name="SystemTest" tests="7" failures="0" timestamp="15 Dec 2020 19:26:43 GMT" time="0.11" errors="0">
  <testcase name="TC4" time="0.006" classname="Org.testcases.TestNGFeatures1"/>
  <testcase name="TC5" time="0.004" classname="Org.testcases.TestNGFeatures1"/>
  <testcase name="GoogleImg" time="0.003" classname="Org.testcases.TestNGExeOrder"/>
  <testcase name="SearchBox" time="0.002" classname="Org.testcases.TestNGExeOrder"/>
  <testcase name="googleTitleTest" time="0.003" classname="Org.testcases.TestNGExeOrder"/>
  <testcase name="TC1" time="0.003" classname="Org.testcases.TestNGFeatures1"/>
  <testcase name="TC2" time="0.001" classname="Org.testcases.TestNGFeatures1"/>
  <testcase name="TC3" time="0.0" classname="Org.testcases.TestNGFeatures1">
    <ignored/>
  </testcase> <!-- TC3 -->
</testsuite> <!-- SystemTest -->
