<?xml version="1.0" encoding="UTF-8"?>
<!-- Generated by org.testng.reporters.JUnitXMLReporter -->
<testsuite hostname="DESKTOP-N8OU8L6" ignored="4" name="IntegrationTest" tests="7" failures="0" timestamp="14 Dec 2020 13:15:16 GMT" time="0.119" errors="0">
  <testcase name="GoogleImgTest" time="0.027" classname="Org.testcases.TestNGgrpFeatures2"/>
  <testcase name="SearchBoxTest" time="0.006" classname="Org.testcases.TestNGgrpFeatures2"/>
  <testcase name="SearchResultTest" time="0.006" classname="Org.testcases.TestNGgrpFeatures2"/>
  <testcase name="SearchResultTest" time="0.005" classname="Org.testcases.TestNGgrpFeatures2"/>
  <testcase name="SearchResultTest" time="0.002" classname="Org.testcases.TestNGgrpFeatures2"/>
  <testcase name="GoogleHomePage" time="0.001" classname="Org.testcases.TestNGgrpFeatures2"/>
  <testcase name="HomePage" time="0.001" classname="Org.testcases.TestNGgrpFeatures"/>
  <testcase name="Googlelogin" time="0.0" classname="Org.testcases.TestNGgrpFeatures2">
    <ignored/>
  </testcase> <!-- Googlelogin -->
  <testcase name="Checkout" time="0.0" classname="Org.testcases.TestNGgrpFeatures">
    <ignored/>
  </testcase> <!-- Checkout -->
  <testcase name="login" time="0.0" classname="Org.testcases.TestNGgrpFeatures">
    <ignored/>
  </testcase> <!-- login -->
  <testcase name="Checkout" time="0.0" classname="Org.testcases.TestNGgrpFeatures2">
    <ignored/>
  </testcase> <!-- Checkout -->
</testsuite> <!-- IntegrationTest -->
