<?xml version="1.0" encoding="UTF-8"?>
<testng-results skipped="0" failed="0" ignored="0" total="1" passed="1">
  <reporter-output>
  </reporter-output>
  <suite name="Default suite" duration-ms="87388" started-at="2020-12-16T15:46:21Z" finished-at="2020-12-16T15:47:49Z">
    <groups>
    </groups>
    <test name="Default test" duration-ms="87388" started-at="2020-12-16T15:46:21Z" finished-at="2020-12-16T15:47:49Z">
      <class name="Org.test.findProducts">
        <test-method status="PASS" signature="setUp()[pri:0, instance:Org.test.findProducts@13deb50e]" name="setUp" is-config="true" duration-ms="51531" started-at="2020-12-16T15:46:22Z" finished-at="2020-12-16T15:47:13Z">
          <reporter-output>
          </reporter-output>
        </test-method> <!-- setUp -->
        <test-method status="PASS" signature="printingproducts()[pri:1, instance:Org.test.findProducts@13deb50e]" name="printingproducts" duration-ms="35728" started-at="2020-12-16T15:47:13Z" finished-at="2020-12-16T15:47:49Z">
          <reporter-output>
          </reporter-output>
        </test-method> <!-- printingproducts -->
      </class> <!-- Org.test.findProducts -->
    </test> <!-- Default test -->
  </suite> <!-- Default suite -->
</testng-results>
