<?xml version="1.0" encoding="UTF-8"?>
<!-- Generated by org.testng.reporters.JUnitXMLReporter -->
<testsuite hostname="DESKTOP-N8OU8L6" ignored="11" name="SmokeTest" tests="6" failures="0" timestamp="14 Dec 2020 12:35:49 GMT" time="0.11" errors="0">
  <testcase name="login" time="0.03" classname="Org.testcases.TestNGgrpFeatures"/>
  <testcase name="Googlelogin" time="0.003" classname="Org.testcases.TestNGgrpFeatures2"/>
  <testcase name="HomePage" time="0.004" classname="Org.testcases.TestNGgrpFeatures"/>
  <testcase name="GoogleHomePage" time="0.002" classname="Org.testcases.TestNGgrpFeatures2"/>
  <testcase name="Checkout" time="0.006" classname="Org.testcases.TestNGgrpFeatures"/>
  <testcase name="Checkout" time="0.002" classname="Org.testcases.TestNGgrpFeatures2"/>
  <testcase name="AddToCard" time="0.0" classname="Org.testcases.TestNGgrpFeatures">
    <ignored/>
  </testcase> <!-- AddToCard -->
  <testcase name="GoogleImgTest" time="0.0" classname="Org.testcases.TestNGgrpFeatures2">
    <ignored/>
  </testcase> <!-- GoogleImgTest -->
  <testcase name="SearchBoxTest" time="0.0" classname="Org.testcases.TestNGgrpFeatures2">
    <ignored/>
  </testcase> <!-- SearchBoxTest -->
  <testcase name="CartValue" time="0.0" classname="Org.testcases.TestNGgrpFeatures2">
    <ignored/>
  </testcase> <!-- CartValue -->
  <testcase name="placingOrder" time="0.0" classname="Org.testcases.TestNGgrpFeatures">
    <ignored/>
  </testcase> <!-- placingOrder -->
  <testcase name="PayingBill" time="0.0" classname="Org.testcases.TestNGgrpFeatures2">
    <ignored/>
  </testcase> <!-- PayingBill -->
  <testcase name="Googlepayment" time="0.0" classname="Org.testcases.TestNGgrpFeatures2">
    <ignored/>
  </testcase> <!-- Googlepayment -->
  <testcase name="searchProduct" time="0.0" classname="Org.testcases.TestNGgrpFeatures">
    <ignored/>
  </testcase> <!-- searchProduct -->
  <testcase name="searchProduct" time="0.0" classname="Org.testcases.TestNGgrpFeatures2">
    <ignored/>
  </testcase> <!-- searchProduct -->
  <testcase name="SearchResultTest" time="0.0" classname="Org.testcases.TestNGgrpFeatures2">
    <ignored/>
  </testcase> <!-- SearchResultTest -->
  <testcase name="payment" time="0.0" classname="Org.testcases.TestNGgrpFeatures">
    <ignored/>
  </testcase> <!-- payment -->
</testsuite> <!-- SmokeTest -->
